<component name="libraryTable">
  <library name="junit-4.7">
    <CLASSES>
      <root url="jar://$PROJECT_DIR$/librerie/junit-4.7.jar!/" />
    </CLASSES>
    <JAVADOC />
    <SOURCES />
    <jarDirectory url="jar://$PROJECT_DIR$/librerie/junit-4.7.jar!/" recursive="false" />
  </library>
</component>